./histogram /media/sda5/dataset/kth/stip_train /media/sda5/dataset/kth/models/soft_balanced_kmeans_tree_model_kth128.txt /media/sda5/dataset/kth/train_hist.txt 383 128 100

(Model Build Time) Time taken to build tree = 0.000490387 seconds.
(Hist Gen Time)Time taken to generate features/histogram = 0.632864 seconds.
Hist size = 383 by 128
Finished
./histogram /media/sda5/dataset/kth/stip_test /media/sda5/dataset/kth/models/soft_balanced_kmeans_tree_model_kth128.txt /media/sda5/dataset/kth/test_hist.txt 216 128 100

(Model Build Time) Time taken to build tree = 0.000501806 seconds.
(Hist Gen Time)Time taken to generate features/histogram = 0.399128 seconds.
Hist size = 216 by 128
Finished
./csvtosvm /media/sda5/dataset/kth/train_hist.txt /media/sda5/dataset/kth/train-labels.txt /media/sda5/dataset/kth/train.libsvm
Fineshed. Time Taken: 0.0158875
./csvtosvm /media/sda5/dataset/kth/test_hist.txt /media/sda5/dataset/kth/test-labels.txt /media/sda5/dataset/kth/test.libsvm
Fineshed. Time Taken: 0.00640345
./svm-scale -l 0 -u 1 -s /media/sda5/dataset/kth/scale.txt /media/sda5/dataset/kth/train.libsvm > /media/sda5/dataset/kth/scale_train.libsvm
./svm-scale -r /media/sda5/dataset/kth/scale.txt /media/sda5/dataset/kth/test.libsvm > /media/sda5/dataset/kth/scale_test.libsvm
./svm-train -q -t 0 /media/sda5/dataset/kth/scale_train.libsvm /media/sda5/dataset/kth/scale_train.libsvm.model
time ./svm-predict /media/sda5/dataset/kth/scale_train.libsvm /media/sda5/dataset/kth/scale_train.libsvm.model /media/sda5/dataset/kth/pred_train_label.txt
Accuracy = 93.4726% (358/383) (classification)
time ./svm-predict /media/sda5/dataset/kth/scale_test.libsvm /media/sda5/dataset/kth/scale_train.libsvm.model /media/sda5/dataset/kth/pred_test_label.txt
Accuracy = 82.4074% (178/216) (classification)
