./histogram /media/sda5/dataset/ucf101/stip_train /media/sda5/dataset/ucf101/models/model_qnt_balanced_ucf10165536.txt /media/sda5/dataset/ucf101/train_hist.txt 9535 65536 100 /media/sda5/dataset/ucf101/models/H.txt
(Model Build Time) Time taken to build tree = 0.0827903 seconds.
(Hist Gen Time) Time taken to generate features/histogram = 320.996 seconds.
Train Hist size = 9535 by 65536
Finished
./histogram /media/sda5/dataset/ucf101/stip_test /media/sda5/dataset/ucf101/models/model_qnt_balanced_ucf10165536.txt /media/sda5/dataset/ucf101/test_hist.txt 3782 65536 100 /media/sda5/dataset/ucf101/models/H.txt
(Model Build Time) Time taken to build tree = 0.0979594 seconds.
(Hist Gen Time) Time taken to generate features/histogram = 120.173 seconds.
Train Hist size = 3782 by 65536
Finished
./csvtosvm /media/sda5/dataset/ucf101/train_hist.txt /media/sda5/dataset/ucf101/train-labels.txt /media/sda5/dataset/ucf101/train.libsvm
Fineshed. Time Taken: 12.6298
./csvtosvm /media/sda5/dataset/ucf101/test_hist.txt /media/sda5/dataset/ucf101/test-labels.txt /media/sda5/dataset/ucf101/test.libsvm
Fineshed. Time Taken: 4.30293
./svm-scale -l 0 -u 1 -s /media/sda5/dataset/ucf101/scale.txt /media/sda5/dataset/ucf101/train.libsvm > /media/sda5/dataset/ucf101/scale_train.libsvm
./svm-scale -r /media/sda5/dataset/ucf101/scale.txt /media/sda5/dataset/ucf101/test.libsvm > /media/sda5/dataset/ucf101/scale_test.libsvm
./svm-train -q -t 0 /media/sda5/dataset/ucf101/scale_train.libsvm /media/sda5/dataset/ucf101/scale_train.libsvm.model
time ./svm-predict /media/sda5/dataset/ucf101/scale_train.libsvm /media/sda5/dataset/ucf101/scale_train.libsvm.model /media/sda5/dataset/ucf101/pred_train_label.txt
Accuracy = 99.3078% (9469/9535) (classification)
time ./svm-predict /media/sda5/dataset/ucf101/scale_test.libsvm /media/sda5/dataset/ucf101/scale_train.libsvm.model /media/sda5/dataset/ucf101/pred_test_label.txt
Accuracy = 27.4458% (1038/3782) (classification)
