#./kmeans /media/sda5/dataset/ucf101/X.txt /media/sda5/dataset/ucf101/cluster_means/C_ucf101_1024.txt  1024 100
./histogram /media/sda5/dataset/ucf101/stip_train /media/sda5/dataset/ucf101/cluster_means/C_ucf101_1024.txt /media/sda5/dataset/ucf101/train_hist.txt 9535
Time taken to generate features = 2205.2 seconds.
Hist size = 9535 by 1024
Finished
./histogram /media/sda5/dataset/ucf101/stip_test /media/sda5/dataset/ucf101/cluster_means/C_ucf101_1024.txt /media/sda5/dataset/ucf101/test_hist.txt 3782
Time taken to generate features = 829.38 seconds.
Hist size = 3782 by 1024
Finished
./csvtosvm /media/sda5/dataset/ucf101/train_hist.txt /media/sda5/dataset/ucf101/train-labels.txt /media/sda5/dataset/ucf101/train.libsvm
Fineshed. Time Taken: 1.07793
./csvtosvm /media/sda5/dataset/ucf101/test_hist.txt /media/sda5/dataset/ucf101/test-labels.txt /media/sda5/dataset/ucf101/test.libsvm
Fineshed. Time Taken: 0.508562
./svm-scale -l 0 -u 1 -s /media/sda5/dataset/ucf101/scale.txt /media/sda5/dataset/ucf101/train.libsvm > /media/sda5/dataset/ucf101/scale_train.libsvm
./svm-scale -r /media/sda5/dataset/ucf101/scale.txt /media/sda5/dataset/ucf101/test.libsvm > /media/sda5/dataset/ucf101/scale_test.libsvm
./svm-train -q -t 0 /media/sda5/dataset/ucf101/scale_train.libsvm /media/sda5/dataset/ucf101/scale_train.libsvm.model
time ./svm-predict /media/sda5/dataset/ucf101/scale_train.libsvm /media/sda5/dataset/ucf101/scale_train.libsvm.model /media/sda5/dataset/ucf101/pred_train_label.txt
Accuracy = 67.1211% (6400/9535) (classification)
time ./svm-predict /media/sda5/dataset/ucf101/scale_test.libsvm /media/sda5/dataset/ucf101/scale_train.libsvm.model /media/sda5/dataset/ucf101/pred_test_label.txt
Accuracy = 30.8831% (1168/3782) (classification)
