#./kmeans /media/sda5/dataset/ucf101/X.txt /media/sda5/dataset/ucf101/cluster_means/C_ucf101_65536.txt  65536 100
./histogram /media/sda5/dataset/ucf101/stip_train /media/sda5/dataset/ucf101/cluster_means/C_ucf101_65536.txt /media/sda5/dataset/ucf101/train_hist.txt 9535

Time taken to generate features = 185230 seconds.
Hist size = 9535 by 65536
Finished
./histogram /media/sda5/dataset/ucf101/stip_test /media/sda5/dataset/ucf101/cluster_means/C_ucf101_65536.txt /media/sda5/dataset/ucf101/test_hist.txt 3782


Time taken to generate features = 69853.1 seconds.
Hist size = 3782 by 65536
Finished
./csvtosvm /media/sda5/dataset/ucf101/train_hist.txt /media/sda5/dataset/ucf101/train-labels.txt /media/sda5/dataset/ucf101/train.libsvm
Fineshed. Time Taken: 10.321
./csvtosvm /media/sda5/dataset/ucf101/test_hist.txt /media/sda5/dataset/ucf101/test-labels.txt /media/sda5/dataset/ucf101/test.libsvm
Fineshed. Time Taken: 3.39301
./svm-scale -l 0 -u 1 -s /media/sda5/dataset/ucf101/scale.txt /media/sda5/dataset/ucf101/train.libsvm > /media/sda5/dataset/ucf101/scale_train.libsvm
./svm-scale -r /media/sda5/dataset/ucf101/scale.txt /media/sda5/dataset/ucf101/test.libsvm > /media/sda5/dataset/ucf101/scale_test.libsvm
./svm-train -q -t 0 /media/sda5/dataset/ucf101/scale_train.libsvm /media/sda5/dataset/ucf101/scale_train.libsvm.model
time ./svm-predict /media/sda5/dataset/ucf101/scale_train.libsvm /media/sda5/dataset/ucf101/scale_train.libsvm.model /media/sda5/dataset/ucf101/pred_train_label.txt
Accuracy = 99.0142% (9441/9535) (classification)
time ./svm-predict /media/sda5/dataset/ucf101/scale_test.libsvm /media/sda5/dataset/ucf101/scale_train.libsvm.model /media/sda5/dataset/ucf101/pred_test_label.txt
Accuracy = 31.0947% (1176/3782) (classification)
