#./kmeans /media/sda5/dataset/hmdb51/X.txt /media/sda5/dataset/hmdb51/cluster_means/C_hmdb51_65536.txt  65536 100
./histogram /media/sda5/dataset/hmdb51/stip_train /media/sda5/dataset/hmdb51/cluster_means/C_hmdb51_65536.txt /media/sda5/dataset/hmdb51/train_hist.txt 3567
Time taken to load data: 331.793 seconds.
(Hist Gen Time)Time taken to generate features = 134906 seconds.
Hist size = 3567 by 65536
Finished
./histogram /media/sda5/dataset/hmdb51/stip_test /media/sda5/dataset/hmdb51/cluster_means/C_hmdb51_65536.txt /media/sda5/dataset/hmdb51/test_hist.txt 1530
Time taken to load data: 150.023 seconds.
(Hist Gen Time)Time taken to generate features = 54781.2 seconds.
Hist size = 1530 by 65536
Finished
./csvtosvm /media/sda5/dataset/hmdb51/train_hist.txt /media/sda5/dataset/hmdb51/train-labels.txt /media/sda5/dataset/hmdb51/train.libsvm
Fineshed. Time Taken: 2.13752
./csvtosvm /media/sda5/dataset/hmdb51/test_hist.txt /media/sda5/dataset/hmdb51/test-labels.txt /media/sda5/dataset/hmdb51/test.libsvm
Fineshed. Time Taken: 0.828689
./svm-scale -l 0 -u 1 -s /media/sda5/dataset/hmdb51/scale.txt /media/sda5/dataset/hmdb51/train.libsvm > /media/sda5/dataset/hmdb51/scale_train.libsvm
./svm-scale -r /media/sda5/dataset/hmdb51/scale.txt /media/sda5/dataset/hmdb51/test.libsvm > /media/sda5/dataset/hmdb51/scale_test.libsvm
./svm-train -q -t 0 /media/sda5/dataset/hmdb51/scale_train.libsvm /media/sda5/dataset/hmdb51/scale_train.libsvm.model
time ./svm-predict /media/sda5/dataset/hmdb51/scale_train.libsvm /media/sda5/dataset/hmdb51/scale_train.libsvm.model /media/sda5/dataset/hmdb51/pred_train_label.txt
Accuracy = 99.4393% (3547/3567) (classification)
time ./svm-predict /media/sda5/dataset/hmdb51/scale_test.libsvm /media/sda5/dataset/hmdb51/scale_train.libsvm.model /media/sda5/dataset/hmdb51/pred_test_label.txt
Accuracy = 11.3725% (174/1530) (classification)
