./histogram /media/sda5/dataset/kth/stip_train /media/sda5/dataset/kth/models/model_qnt_balanced_kth65536.txt /media/sda5/dataset/kth/train_hist.txt 383 65536 100 /media/sda5/dataset/kth/models/H.txt
(Model Build Time) Time taken to build tree = 0.0851829 seconds.
(Hist Gen Time)Time taken to generate features/histogram = 2.61025 seconds.
Hist size = 383 by 65536
Finished
./histogram /media/sda5/dataset/kth/stip_test /media/sda5/dataset/kth/models/model_qnt_balanced_kth65536.txt /media/sda5/dataset/kth/test_hist.txt 216 65536 100 /media/sda5/dataset/kth/models/H.txt
(Model Build Time) Time taken to build tree = 0.0974322 seconds.
(Hist Gen Time)Time taken to generate features/histogram = 1.65652 seconds.
Hist size = 216 by 65536
Finished
./csvtosvm /media/sda5/dataset/kth/train_hist.txt /media/sda5/dataset/kth/train-labels.txt /media/sda5/dataset/kth/train.libsvm
Fineshed. Time Taken: 0.221798
./csvtosvm /media/sda5/dataset/kth/test_hist.txt /media/sda5/dataset/kth/test-labels.txt /media/sda5/dataset/kth/test.libsvm
Fineshed. Time Taken: 0.102177
./svm-scale -l 0 -u 1 -s /media/sda5/dataset/kth/scale.txt /media/sda5/dataset/kth/train.libsvm > /media/sda5/dataset/kth/scale_train.libsvm
./svm-scale -r /media/sda5/dataset/kth/scale.txt /media/sda5/dataset/kth/test.libsvm > /media/sda5/dataset/kth/scale_test.libsvm
./svm-train -q -t 0 /media/sda5/dataset/kth/scale_train.libsvm /media/sda5/dataset/kth/scale_train.libsvm.model
time ./svm-predict /media/sda5/dataset/kth/scale_train.libsvm /media/sda5/dataset/kth/scale_train.libsvm.model /media/sda5/dataset/kth/pred_train_label.txt
Accuracy = 100% (383/383) (classification)
time ./svm-predict /media/sda5/dataset/kth/scale_test.libsvm /media/sda5/dataset/kth/scale_train.libsvm.model /media/sda5/dataset/kth/pred_test_label.txt
Accuracy = 87.5% (189/216) (classification)
