./histogram /media/sda5/dataset/hmdb51/stip_train /media/sda5/dataset/hmdb51/models/soft_balanced_kmeans_tree_model_hmdb51128.txt /media/sda5/dataset/hmdb51/train_hist.txt 3567 128 100
(Model Build Time) Time taken to build tree = 0.000590862 seconds.
(Hist Gen Time)Time taken to generate features/histogram = 13.2486 seconds.
Hist size = 3567 by 128
Finished
./histogram /media/sda5/dataset/hmdb51/stip_test /media/sda5/dataset/hmdb51/models/soft_balanced_kmeans_tree_model_hmdb51128.txt /media/sda5/dataset/hmdb51/test_hist.txt 1530 128 100
(Model Build Time) Time taken to build tree = 0.000335669 seconds.
(Hist Gen Time)Time taken to generate features/histogram = 5.68634 seconds.
Hist size = 1530 by 128
Finished
./csvtosvm /media/sda5/dataset/hmdb51/train_hist.txt /media/sda5/dataset/hmdb51/train-labels.txt /media/sda5/dataset/hmdb51/train.libsvm
Fineshed. Time Taken: 0.102222
./csvtosvm /media/sda5/dataset/hmdb51/test_hist.txt /media/sda5/dataset/hmdb51/test-labels.txt /media/sda5/dataset/hmdb51/test.libsvm
Fineshed. Time Taken: 0.0455846
./svm-scale -l 0 -u 1 -s /media/sda5/dataset/hmdb51/scale.txt /media/sda5/dataset/hmdb51/train.libsvm > /media/sda5/dataset/hmdb51/scale_train.libsvm
./svm-scale -r /media/sda5/dataset/hmdb51/scale.txt /media/sda5/dataset/hmdb51/test.libsvm > /media/sda5/dataset/hmdb51/scale_test.libsvm
./svm-train -q -t 0 /media/sda5/dataset/hmdb51/scale_train.libsvm /media/sda5/dataset/hmdb51/scale_train.libsvm.model
time ./svm-predict /media/sda5/dataset/hmdb51/scale_train.libsvm /media/sda5/dataset/hmdb51/scale_train.libsvm.model /media/sda5/dataset/hmdb51/pred_train_label.txt
Accuracy = 18.4188% (657/3567) (classification)
time ./svm-predict /media/sda5/dataset/hmdb51/scale_test.libsvm /media/sda5/dataset/hmdb51/scale_train.libsvm.model /media/sda5/dataset/hmdb51/pred_test_label.txt
Accuracy = 7.18954% (110/1530) (classification)
