./histogram /media/sda5/dataset/kth/stip_train /media/sda5/dataset/kth/X.txt /media/sda5/dataset/kth/train_hist.txt 383 128 100
Time taken to load video data: 17.1709 seconds.
(Model Build Time) Time taken to build tree = 10.7951 seconds.
(Hist Gen Time)Time taken to generate features/histogram = 0.887164 seconds.
Hist size = 383 by 128
Finished
./histogram /media/sda5/dataset/kth/stip_test /media/sda5/dataset/kth/X.txt /media/sda5/dataset/kth/test_hist.txt 216 128 100
Time taken to load video data: 11.4861 seconds.
(Model Build Time) Time taken to build tree = 10.8487 seconds.
(Hist Gen Time)Time taken to generate features/histogram = 0.555587 seconds.
Hist size = 216 by 128
Finished
./csvtosvm /media/sda5/dataset/kth/train_hist.txt /media/sda5/dataset/kth/train-labels.txt /media/sda5/dataset/kth/train.libsvm
Fineshed. Time Taken: 0.00661522
./csvtosvm /media/sda5/dataset/kth/test_hist.txt /media/sda5/dataset/kth/test-labels.txt /media/sda5/dataset/kth/test.libsvm
Fineshed. Time Taken: 0.00714247
./svm-scale -l 0 -u 1 -s /media/sda5/dataset/kth/scale.txt /media/sda5/dataset/kth/train.libsvm > /media/sda5/dataset/kth/scale_train.libsvm
./svm-scale -r /media/sda5/dataset/kth/scale.txt /media/sda5/dataset/kth/test.libsvm > /media/sda5/dataset/kth/scale_test.libsvm
./svm-train -q -t 0 /media/sda5/dataset/kth/scale_train.libsvm /media/sda5/dataset/kth/scale_train.libsvm.model
time ./svm-predict /media/sda5/dataset/kth/scale_train.libsvm /media/sda5/dataset/kth/scale_train.libsvm.model /media/sda5/dataset/kth/pred_train_label.txt
Accuracy = 91.3838% (350/383) (classification)
time ./svm-predict /media/sda5/dataset/kth/scale_test.libsvm /media/sda5/dataset/kth/scale_train.libsvm.model /media/sda5/dataset/kth/pred_test_label.txt
Accuracy = 79.1667% (171/216) (classification)
