./histogram /media/sda5/dataset/kth/stip_train /media/sda5/dataset/kth/X.txt /media/sda5/dataset/kth/train_hist.txt 383 65536 100
Time taken to load video data: 19.8521 seconds.
(Model Build Time) Time taken to build tree = 17.8854 seconds.
(Hist Gen Time)Time taken to generate features/histogram = 2.20421 seconds.
Hist size = 383 by 65536
Finished
./histogram /media/sda5/dataset/kth/stip_test /media/sda5/dataset/kth/X.txt /media/sda5/dataset/kth/test_hist.txt 216 65536 100
Time taken to load video data: 12.7596 seconds.
(Model Build Time) Time taken to build tree = 18.3313 seconds.
(Hist Gen Time)Time taken to generate features/histogram = 1.39884 seconds.
Hist size = 216 by 65536
Finished
./csvtosvm /media/sda5/dataset/kth/train_hist.txt /media/sda5/dataset/kth/train-labels.txt /media/sda5/dataset/kth/train.libsvm
Fineshed. Time Taken: 0.254058
./csvtosvm /media/sda5/dataset/kth/test_hist.txt /media/sda5/dataset/kth/test-labels.txt /media/sda5/dataset/kth/test.libsvm
Fineshed. Time Taken: 0.0882176
./svm-scale -l 0 -u 1 -s /media/sda5/dataset/kth/scale.txt /media/sda5/dataset/kth/train.libsvm > /media/sda5/dataset/kth/scale_train.libsvm
./svm-scale -r /media/sda5/dataset/kth/scale.txt /media/sda5/dataset/kth/test.libsvm > /media/sda5/dataset/kth/scale_test.libsvm
./svm-train -q -t 0 /media/sda5/dataset/kth/scale_train.libsvm /media/sda5/dataset/kth/scale_train.libsvm.model
time ./svm-predict /media/sda5/dataset/kth/scale_train.libsvm /media/sda5/dataset/kth/scale_train.libsvm.model /media/sda5/dataset/kth/pred_train_label.txt
Accuracy = 100% (383/383) (classification)
time ./svm-predict /media/sda5/dataset/kth/scale_test.libsvm /media/sda5/dataset/kth/scale_train.libsvm.model /media/sda5/dataset/kth/pred_test_label.txt
Accuracy = 90.7407% (196/216) (classification)
